01/11/2021 00:19:33,    0,  INI INICIALIZACAO ULTRA_BASICA  ,0,3236296,0
01/11/2021 00:19:33,    0,  1 INICIALIZACAO ULTRA_BASICA  ,1,3236296,0
01/11/2021 00:19:33,    0,  2 INICIALIZACAO ULTRA_BASICA  ,2,3236296,0
01/11/2021 00:19:33,    0,  3 INICIALIZACAO ULTRA_BASICA  ,3,3236296,0
01/11/2021 00:19:33,    0,  FIM INICIALIZACAO ULTRA_BASICA  ,4,3236296,0
01/11/2021 00:19:38, 5063,  INI DESTROY_BASICO  ,5,3241359,5063
01/11/2021 00:19:38,    0,  1 INI DESTROY_BASICO  ,6,3241359,5063
01/11/2021 00:19:38,    0,  2 DESTROY_BASICO  ,7,3241359,5063
01/11/2021 00:19:38,    0,  3 DESTROY_BASICO  ,8,3241359,5063
01/11/2021 00:19:38,    0,  4 DESTROY_BASICO  ,9,3241359,5063
01/11/2021 00:19:38,    0,  1 INI DESTROY_BASICO  ,10,3241359,5063
01/11/2021 00:19:38,    0,  5 DESTROY_BASICO  ,11,3241359,5063
01/11/2021 00:19:38,    0,  6 INI DESTROY_BASICO  ,12,3241359,5063
01/11/2021 00:19:38,    0,  7 DESTROY_BASICO  ,13,3241359,5063
01/11/2021 00:19:38,    0,  8 DESTROY_BASICO  ,14,3241359,5063
01/11/2021 00:19:38,    0,  9 INI DESTROY_BASICO  ,15,3241359,5063
01/11/2021 00:19:38,    0,  10 INI DESTROY_BASICO  ,16,3241359,5063
01/11/2021 00:19:38,    0,  11 INI DESTROY_BASICO  ,17,3241359,5063
01/11/2021 00:19:38,    0,  12 INI DESTROY_BASICO  ,18,3241359,5063
01/11/2021 00:19:38,    0,  13 INI DESTROY_BASICO  ,19,3241359,5063
01/11/2021 00:19:38,    0,  14 INI DESTROY_BASICO  ,20,3241359,5063
01/11/2021 00:19:38,    0,  15 DESTROY_BASICO  ,21,3241359,5063
01/11/2021 00:19:38,    0,  22 DESTROY_BASICO  ,22,3241359,5063
01/11/2021 00:19:38,    0,  [0] Salvando Log Full/DESTROY_BASICO  ,23,3241359,5063
