01/11/2021 00:20:25,    0,  INI INICIALIZACAO ULTRA_BASICA  ,0,3288578,0
01/11/2021 00:20:25,    0,  1 INICIALIZACAO ULTRA_BASICA  ,1,3288578,0
01/11/2021 00:20:25,    0,  2 INICIALIZACAO ULTRA_BASICA  ,2,3288578,0
01/11/2021 00:20:25,    0,  3 INICIALIZACAO ULTRA_BASICA  ,3,3288578,0
01/11/2021 00:20:25,    0,  FIM INICIALIZACAO ULTRA_BASICA  ,4,3288578,0
01/11/2021 00:20:30, 5078,  INI DESTROY_BASICO  ,5,3293656,5078
01/11/2021 00:20:30,    0,  1 INI DESTROY_BASICO  ,6,3293656,5078
01/11/2021 00:20:30,    0,  2 DESTROY_BASICO  ,7,3293656,5078
01/11/2021 00:20:30,    0,  3 DESTROY_BASICO  ,8,3293656,5078
01/11/2021 00:20:30,    0,  4 DESTROY_BASICO  ,9,3293656,5078
01/11/2021 00:20:30,    0,  1 INI DESTROY_BASICO  ,10,3293656,5078
01/11/2021 00:20:30,    0,  5 DESTROY_BASICO  ,11,3293656,5078
01/11/2021 00:20:30,    0,  6 INI DESTROY_BASICO  ,12,3293656,5078
01/11/2021 00:20:30,    0,  7 DESTROY_BASICO  ,13,3293656,5078
01/11/2021 00:20:30,    0,  8 DESTROY_BASICO  ,14,3293656,5078
01/11/2021 00:20:30,    0,  9 INI DESTROY_BASICO  ,15,3293656,5078
01/11/2021 00:20:30,    0,  10 INI DESTROY_BASICO  ,16,3293656,5078
01/11/2021 00:20:30,    0,  11 INI DESTROY_BASICO  ,17,3293656,5078
01/11/2021 00:20:30,    0,  12 INI DESTROY_BASICO  ,18,3293656,5078
01/11/2021 00:20:30,    0,  13 INI DESTROY_BASICO  ,19,3293656,5078
01/11/2021 00:20:30,    0,  14 INI DESTROY_BASICO  ,20,3293656,5078
01/11/2021 00:20:30,    0,  15 DESTROY_BASICO  ,21,3293656,5078
01/11/2021 00:20:30,    0,  22 DESTROY_BASICO  ,22,3293656,5078
01/11/2021 00:20:30,    0,  [0] Salvando Log Full/DESTROY_BASICO  ,23,3293656,5078
