UN001.exe: 00004FB8: 08:35:42 [127.0.0.1]:EUniSessionException : Invalid session or session Timeout. (Session not found: 3NbJbxMbOa1093D40B1 ) : Addr: $007E8C72
UN001.exe: 00001D88: 17:37:08 [127.0.0.1]:EUniSessionException : Invalid session or session Timeout. (Session not found: ZkEMWmdtyo1093E2865 ) : Addr: $007E8C72
UN001.exe: 00001D88: 17:37:08 [127.0.0.1]:EUniSessionException : Invalid session or session Timeout. (Session not found: ZkEMWmdtyo1093E2865 ) : Addr: $007E8C72
UN001.exe: 00001474: 17:37:08 [127.0.0.1]:EUniSessionException : Invalid session or session Timeout. (Session not found: ZkEMWmdtyo1093E2865 ) : Addr: $007E8C72
UN001.exe: 00001D88: 17:37:08 [127.0.0.1]:EUniSessionException : Invalid session or session Timeout. (Session not found: ZkEMWmdtyo1093E2865 ) : Addr: $007E8C72
UN001.exe: 0000381C: 17:37:08 [127.0.0.1]:EUniSessionException : Invalid session or session Timeout. (Session not found: ZkEMWmdtyo1093E2865 ) : Addr: $007E8C72
UN001.exe: 0000381C: 17:37:08 [127.0.0.1]:EUniSessionException : Invalid session or session Timeout. (Session not found: ZkEMWmdtyo1093E2865 ) : Addr: $007E8C72
UN001.exe: 0000381C: 17:37:08 [127.0.0.1]:EUniSessionException : Invalid session or session Timeout. (Session not found: ZkEMWmdtyo1093E2865 ) : Addr: $007E8C72
UN001.exe: 00001474: 17:37:08 [127.0.0.1]:EUniSessionException : Invalid session or session Timeout. (Session not found: ZkEMWmdtyo1093E2865 ) : Addr: $007E8C72
UN001.exe: 0000381C: 17:37:08 [127.0.0.1]:EUniSessionException : Invalid session or session Timeout. (Session not found: ZkEMWmdtyo1093E2865 ) : Addr: $007E8C72
UN001.exe: 00001D88: 17:37:08 [127.0.0.1]:EUniSessionException : Invalid session or session Timeout. (Session not found: ZkEMWmdtyo1093E2865 ) : Addr: $007E8C72
UN001.exe: 00001D88: 17:37:08 [127.0.0.1]:EUniSessionException : Invalid session or session Timeout. (Session not found: ZkEMWmdtyo1093E2865 ) : Addr: $007E8C72
UN001.exe: 0000381C: 17:37:08 [127.0.0.1]:EUniSessionException : Invalid session or session Timeout. (Session not found: ZkEMWmdtyo1093E2865 ) : Addr: $007E8C72
UN001.exe: 00001474: 17:37:08 [127.0.0.1]:EUniSessionException : Invalid session or session Timeout. (Session not found: ZkEMWmdtyo1093E2865 ) : Addr: $007E8C72
UN001.exe: 00001004: 17:37:08 [127.0.0.1]:EUniSessionException : Invalid session or session Timeout. (Session not found: ZkEMWmdtyo1093E2865 ) : Addr: $007E8C72
UN001.exe: 0000381C: 17:37:08 [127.0.0.1]:EUniSessionException : Invalid session or session Timeout. (Session not found: ZkEMWmdtyo1093E2865 ) : Addr: $007E8C72
UN001.exe: 00001D88: 17:37:08 [127.0.0.1]:EUniSessionException : Invalid session or session Timeout. (Session not found: ZkEMWmdtyo1093E2865 ) : Addr: $007E8C72
UN001.exe: 00001D88: 17:37:08 [127.0.0.1]:EUniSessionException : Invalid session or session Timeout. (Session not found: ZkEMWmdtyo1093E2865 ) : Addr: $007E8C72
UN001.exe: 0000381C: 17:37:08 [127.0.0.1]:EUniSessionException : Invalid session or session Timeout. (Session not found: ZkEMWmdtyo1093E2865 ) : Addr: $007E8C72
UN001.exe: 00005874: 17:48:38 [127.0.0.1]:EUniSessionException : Invalid session or session Timeout. (Session not found: 37sqWRVtSX1093EBB48 ) : Addr: $007E8C72
UN001.exe: 00005874: 17:48:38 [127.0.0.1]:EUniSessionException : Invalid session or session Timeout. (Session not found: 37sqWRVtSX1093EBB48 ) : Addr: $007E8C72
UN001.exe: 00000EAC: 17:48:47 [127.0.0.1]:EMySQLNativeException : [FireDAC][Phys][MySQL] MySQL server has gone away : Addr: $00878CB0
UN001.exe: 00001874: 17:49:53 [127.0.0.1]:EUniSessionException : Invalid session or session Timeout. (Session not found: eqEggBLg451093BA332 ) : Addr: $007E8C72
UN001.exe: 00005714: 17:49:53 [127.0.0.1]:EUniSessionException : Invalid session or session Timeout. (Session not found: eqEggBLg451093BA332 ) : Addr: $007E8C72
UN001.exe: 00000BD0: 19:01:22 [TUniServerModule]:Shutting Down Server.
UN001.exe: 00000BD0: 19:01:22 [TUniServerModule]:Stopping HTTP Server.
UN001.exe: 00000BD0: 19:01:23 [TUniServerModule]:HTTP Server Stopped.
UN001.exe: 00000BD0: 19:01:23 [TUniGUISessionManager]:Terminating Session manager.
UN001.exe: 00000BD0: 19:01:23 [TUniGUISessionManager]:Stopping Cache Eraser...
UN001.exe: 00000BD0: 19:01:23 [TUniGUISessionManager]:Cache Eraser Stopped.
UN001.exe: 00000BD0: 19:01:23 [TUniGUISessionManager]:Destroying Worker Threads.
UN001.exe: 00000BD0: 19:01:23 [TUniGUISessionManager]:Session manager terminated.
UN001.exe: 00000BD0: 19:01:23 [TUniServerModule]:Server Shutdown Completed.
UN001.exe: 00000BD0: 19:01:23 []:<-------------------------------------------------------------->
UN001.exe: 00000BD0: 19:01:23 [Terminated]:Exit Code: 0
UN001.exe: 00005D0C: 19:01:25 []:>--------------------------------------------------------------<
UN001.exe: 00005D0C: 19:01:25 [TUniServerModule]:Server First Init.
UN001.exe: 00005D0C: 19:01:25 [TUniServerModule]:Start Path = C:\Users\ricar\Documents\Embarcadero\Studio\Projects\UN001\Win32\Debug\
UN001.exe: 00005D0C: 19:01:25 [TUniServerModule]:Starting HTTP Server on Port: 8077...
UN001.exe: 00005D0C: 19:01:25 [TUniServerModule]:HTTP Server Started on Port: 8077
UN001.exe: 00004424: 19:01:57 [127.0.0.1]:EUniSessionException : Invalid session or session Timeout. (Session not found: WSes1Bo1Pn1093EBE7A ) : Addr: $007E8C72
UN001.exe: 00004424: 19:02:35 [127.0.0.1]:EUniSessionException : Invalid session or session Timeout. (Invalid URI: /ricardo ) : Addr: $007E8C72
UN001.exe: 00002B9C: 19:03:34 [127.0.0.1]:EUniSessionException : Invalid session or session Timeout. (Invalid URI: /ricardo/ricardo1/ricardo2/ricardo3 ) : Addr: $007E8C72
UN001.exe: 00005D0C: 19:08:51 [TUniServerModule]:Shutting Down Server.
UN001.exe: 00005D0C: 19:08:51 [TUniServerModule]:Stopping HTTP Server.
UN001.exe: 00005D0C: 19:08:52 [TUniServerModule]:HTTP Server Stopped.
UN001.exe: 00005D0C: 19:08:52 [TUniGUISessionManager]:Terminating Session manager.
UN001.exe: 00005D0C: 19:08:52 [TUniGUISessionManager]:Stopping Cache Eraser...
UN001.exe: 00005D0C: 19:08:52 [TUniGUISessionManager]:Cache Eraser Stopped.
UN001.exe: 00005D0C: 19:08:52 [TUniGUISessionManager]:Destroying Worker Threads.
UN001.exe: 00005D0C: 19:08:52 [TUniGUISessionManager]:Session manager terminated.
UN001.exe: 00005D0C: 19:08:52 [TUniServerModule]:Server Shutdown Completed.
UN001.exe: 00005D0C: 19:08:52 []:<-------------------------------------------------------------->
UN001.exe: 00005D0C: 19:08:52 [Terminated]:Exit Code: 0
UN001.exe: 000050BC: 19:08:54 []:>--------------------------------------------------------------<
UN001.exe: 000050BC: 19:08:54 [TUniServerModule]:Server First Init.
UN001.exe: 000050BC: 19:08:54 [TUniServerModule]:Start Path = C:\Users\ricar\Documents\Embarcadero\Studio\Projects\UN001\Win32\Debug\
UN001.exe: 000050BC: 19:08:54 [TUniServerModule]:Debug Mode = ON
UN001.exe: 000050BC: 19:08:54 [TUniServerModule]:Starting HTTP Server on Port: 8077...
UN001.exe: 000050BC: 19:08:54 [TUniServerModule]:HTTP Server Started on Port: 8077
UN001.exe: 000049F8: 19:09:14 [127.0.0.1]:EUniSessionException : Invalid session or session Timeout. (Invalid URI: /ricardo/ricardoA/ricardoB ) : Addr: $007E8C72
UN001.exe: 000024C4: 22:24:53 []:>--------------------------------------------------------------<
UN001.exe: 000024C4: 22:24:53 [TUniServerModule]:Server First Init.
UN001.exe: 000024C4: 22:24:53 [TUniServerModule]:Start Path = C:\Users\ricar\Documents\Embarcadero\Studio\Projects\UN001\Win32\Debug\
UN001.exe: 000024C4: 22:24:53 [TUniServerModule]:Starting HTTP Server on Port: 8077...
UN001.exe: 000024C4: 22:24:53 [TUniServerModule]:HTTP Server Started on Port: 8077
UN001.exe: 000024C4: 22:24:53 [H_OnVCLException]:EAccessViolation : Access violation at address 0054E7D4 in module 'UN001.exe'. Read of address 0000006D : Addr: $0054E7D4
UN001.exe: 000024C4: 22:27:45 [TUniServerModule]:Shutting Down Server.
UN001.exe: 000024C4: 22:27:45 [TUniServerModule]:Stopping HTTP Server.
UN001.exe: 000024C4: 22:27:45 [TUniServerModule]:HTTP Server Stopped.
UN001.exe: 000024C4: 22:27:45 [TUniGUISessionManager]:Terminating Session manager.
UN001.exe: 000024C4: 22:27:45 [TUniGUISessionManager]:Stopping Cache Eraser...
UN001.exe: 000024C4: 22:27:45 [TUniGUISessionManager]:Cache Eraser Stopped.
UN001.exe: 000024C4: 22:27:45 [TUniGUISessionManager]:Destroying Worker Threads.
UN001.exe: 000024C4: 22:27:45 [TUniGUISessionManager]:Session manager terminated.
UN001.exe: 000024C4: 22:27:45 [TUniServerModule]:Server Shutdown Completed.
UN001.exe: 000024C4: 22:27:45 []:<-------------------------------------------------------------->
UN001.exe: 000024C4: 22:27:45 [Terminated]:Exit Code: 0
UN001.exe: 00002364: 23:01:09 []:>--------------------------------------------------------------<
UN001.exe: 00002364: 23:01:09 [TUniServerModule]:Server First Init.
UN001.exe: 00002364: 23:01:09 [TUniServerModule]:Start Path = C:\Users\ricar\Documents\Embarcadero\Studio\Projects\UN001\Win32\Debug\
UN001.exe: 00002364: 23:01:09 [TUniServerModule]:Starting HTTP Server on Port: 8077...
UN001.exe: 00002364: 23:01:09 [TUniServerModule]:HTTP Server Started on Port: 8077
UN001.exe: 00002364: 23:03:16 [TUniServerModule]:Shutting Down Server.
UN001.exe: 00002364: 23:03:16 [TUniServerModule]:Stopping HTTP Server.
UN001.exe: 00002364: 23:03:17 [TUniServerModule]:HTTP Server Stopped.
UN001.exe: 00002364: 23:03:17 [TUniGUISessionManager]:Terminating Session manager.
UN001.exe: 00002364: 23:03:17 [TUniGUISessionManager]:Stopping Cache Eraser...
UN001.exe: 00002364: 23:03:17 [TUniGUISessionManager]:Cache Eraser Stopped.
UN001.exe: 00002364: 23:03:17 [TUniGUISessionManager]:Destroying Worker Threads.
UN001.exe: 00002364: 23:03:17 [TUniGUISessionManager]:Session manager terminated.
UN001.exe: 00002364: 23:03:17 [TUniServerModule]:Server Shutdown Completed.
UN001.exe: 00002364: 23:03:17 []:<-------------------------------------------------------------->
UN001.exe: 00002364: 23:03:17 [Terminated]:Exit Code: 0
UN001.exe: 00001D94: 23:11:21 []:>--------------------------------------------------------------<
UN001.exe: 00001D94: 23:11:21 [TUniServerModule]:Server First Init.
UN001.exe: 00001D94: 23:11:21 [TUniServerModule]:Start Path = C:\Users\ricar\Documents\Embarcadero\Studio\Projects\UN001\Win32\Debug\
UN001.exe: 00001D94: 23:11:21 [TUniServerModule]:Debug Mode = ON
UN001.exe: 00001D94: 23:11:21 [TUniGUISessionManager]:Cache erase job created, Folder count: [1]
UN001.exe: 00001D94: 23:11:21 [TUniServerModule]:Starting HTTP Server on Port: 8077...
UN001.exe: 00001D94: 23:11:21 [TUniServerModule]:HTTP Server Started on Port: 8077
UN001.exe: 00000AE8: 23:21:03 [127.0.0.1]:EUniSessionException : Invalid session or session Timeout. (Session not found: 23ltytY69g1093F15F3 ) : Addr: $007A81BE
UN001.exe: 00001D94: 23:21:07 [TUniServerModule]:Shutting Down Server.
UN001.exe: 00001D94: 23:21:07 [TUniServerModule]:Stopping HTTP Server.
UN001.exe: 00001D94: 23:21:16 [TUniServerModule]:HTTP Server Stopped.
UN001.exe: 00001D94: 23:21:16 [TUniGUISessionManager]:Terminating Session manager.
UN001.exe: 00001D94: 23:21:16 [TUniGUISessionManager]:Stopping Cache Eraser...
UN001.exe: 00001D94: 23:21:16 [TUniGUISessionManager]:Cache Eraser Stopped.
UN001.exe: 00001D94: 23:21:16 [TUniGUISessionManager]:Destroying Worker Threads.
UN001.exe: 00001D94: 23:21:16 [TUniGUISessionManager]:Session manager terminated.
UN001.exe: 00001D94: 23:21:16 [TUniServerModule]:Server Shutdown Completed.
UN001.exe: 00001D94: 23:21:16 []:<-------------------------------------------------------------->
UN001.exe: 00001D94: 23:21:16 [Terminated]:Exit Code: 0
UN001.exe: 00000278: 23:21:21 []:>--------------------------------------------------------------<
UN001.exe: 00000278: 23:21:21 [TUniServerModule]:Server First Init.
UN001.exe: 00000278: 23:21:21 [TUniServerModule]:Start Path = C:\Users\ricar\Documents\Embarcadero\Studio\Projects\UN001\Win32\Debug\
UN001.exe: 00000278: 23:21:21 [TUniServerModule]:Debug Mode = ON
UN001.exe: 00000278: 23:21:21 [TUniServerModule]:Starting HTTP Server on Port: 8077...
UN001.exe: 00000278: 23:21:21 [TUniServerModule]:HTTP Server Started on Port: 8077
UN001.exe: 00002F74: 23:29:47 []:>--------------------------------------------------------------<
UN001.exe: 00002F74: 23:29:47 [TUniServerModule]:Server First Init.
UN001.exe: 00002F74: 23:29:47 [TUniServerModule]:Start Path = C:\Users\ricar\Documents\Embarcadero\Studio\Projects\UN001\Win32\Debug\
UN001.exe: 00002F74: 23:29:47 [TUniGUISessionManager]:Cache erase job created, Folder count: [1]
UN001.exe: 00002F74: 23:29:47 [TUniServerModule]:Starting HTTP Server on Port: 8077...
UN001.exe: 00002F74: 23:29:47 [TUniServerModule]:HTTP Server Started on Port: 8077
UN001.exe: 00000BF4: 23:39:27 [127.0.0.1]:EUniSessionException : Invalid session or session Timeout. (Session not found: 8apHTurES21093F1B15 ) : Addr: $007A81BE
UN001.exe: 00002F74: 23:39:47 [TUniServerModule]:Shutting Down Server.
UN001.exe: 00002F74: 23:39:47 [TUniServerModule]:Stopping HTTP Server.
UN001.exe: 00002F74: 23:39:48 [TUniServerModule]:HTTP Server Stopped.
UN001.exe: 00002F74: 23:39:48 [TUniGUISessionManager]:Terminating Session manager.
UN001.exe: 00002F74: 23:39:49 [TUniGUISessionManager]:Stopping Cache Eraser...
UN001.exe: 00002F74: 23:39:49 [TUniGUISessionManager]:Cache Eraser Stopped.
UN001.exe: 00002F74: 23:39:49 [TUniGUISessionManager]:Destroying Worker Threads.
UN001.exe: 00002F74: 23:39:49 [TUniGUISessionManager]:Session manager terminated.
UN001.exe: 00002F74: 23:39:49 [TUniServerModule]:Server Shutdown Completed.
UN001.exe: 00002F74: 23:39:49 []:<-------------------------------------------------------------->
UN001.exe: 00002F74: 23:39:49 [Terminated]:Exit Code: 0
UN001.exe: 00002FA4: 23:40:07 []:>--------------------------------------------------------------<
UN001.exe: 00002FA4: 23:40:07 [TUniServerModule]:Server First Init.
UN001.exe: 00002FA4: 23:40:07 [TUniServerModule]:Start Path = C:\Users\ricar\Documents\Embarcadero\Studio\Projects\UN001\Win32\Debug\
UN001.exe: 00002FA4: 23:40:07 [TUniServerModule]:Starting HTTP Server on Port: 8077...
UN001.exe: 00002FA4: 23:40:07 [TUniServerModule]:HTTP Server Started on Port: 8077
UN001.exe: 00003284: 23:40:20 [127.0.0.1]:EUniSessionException : Invalid session or session Timeout. (Invalid URI: /cmd/r1/r2/r3/r4 ) : Addr: $007A835E
UN001.exe: 00001F14: 23:40:20 [HandleFileRequest[127.0.0.1]]:File not found: C:\Users\ricar\Documents\Embarcadero\Studio\Projects\UN001\Win32\Debug\favicon.ico
UN001.exe: 00002FA4: 23:42:57 [TUniServerModule]:Shutting Down Server.
UN001.exe: 00002FA4: 23:42:57 [TUniServerModule]:Stopping HTTP Server.
UN001.exe: 00002FA4: 23:42:58 [TUniServerModule]:HTTP Server Stopped.
UN001.exe: 00002FA4: 23:42:58 [TUniGUISessionManager]:Terminating Session manager.
UN001.exe: 00002FA4: 23:42:58 [TUniGUISessionManager]:Stopping Cache Eraser...
UN001.exe: 00002FA4: 23:42:58 [TUniGUISessionManager]:Cache Eraser Stopped.
UN001.exe: 00002FA4: 23:42:58 [TUniGUISessionManager]:Destroying Worker Threads.
UN001.exe: 00002FA4: 23:42:58 [TUniGUISessionManager]:Session manager terminated.
UN001.exe: 00002FA4: 23:42:58 [TUniServerModule]:Server Shutdown Completed.
UN001.exe: 00002FA4: 23:42:58 []:<-------------------------------------------------------------->
UN001.exe: 00002FA4: 23:42:58 [Terminated]:Exit Code: 0
UN001.exe: 00001EA8: 23:43:02 []:>--------------------------------------------------------------<
UN001.exe: 00001EA8: 23:43:02 [TUniServerModule]:Server First Init.
UN001.exe: 00001EA8: 23:43:02 [TUniServerModule]:Start Path = C:\Users\ricar\Documents\Embarcadero\Studio\Projects\UN001\Win32\Debug\
UN001.exe: 00001EA8: 23:43:02 [TUniServerModule]:Debug Mode = ON
UN001.exe: 00001EA8: 23:43:03 [TUniServerModule]:Starting HTTP Server on Port: 8077...
UN001.exe: 00001EA8: 23:43:03 [TUniServerModule]:HTTP Server Started on Port: 8077
UN001.exe: 000004E0: 23:43:07 [127.0.0.1]:EUniSessionException : Invalid session or session Timeout. (Invalid URI: /cmd/r1/r2/r3/r4 ) : Addr: $007A835E
UN001.exe: 00001EA8: 23:43:51 [TUniServerModule]:Shutting Down Server.
UN001.exe: 00001EA8: 23:43:51 [TUniServerModule]:Stopping HTTP Server.
UN001.exe: 00001EA8: 23:43:52 [TUniServerModule]:HTTP Server Stopped.
UN001.exe: 00001EA8: 23:43:52 [TUniGUISessionManager]:Terminating Session manager.
UN001.exe: 00001EA8: 23:43:52 [TUniGUISessionManager]:Stopping Cache Eraser...
UN001.exe: 00001EA8: 23:43:52 [TUniGUISessionManager]:Cache Eraser Stopped.
UN001.exe: 00001EA8: 23:43:52 [TUniGUISessionManager]:Destroying Worker Threads.
UN001.exe: 00001EA8: 23:43:52 [TUniGUISessionManager]:Session manager terminated.
UN001.exe: 00001EA8: 23:43:52 [TUniServerModule]:Server Shutdown Completed.
UN001.exe: 00001EA8: 23:43:52 []:<-------------------------------------------------------------->
UN001.exe: 00001EA8: 23:43:52 [Terminated]:Exit Code: 0
UN001.exe: 000021A0: 23:50:34 []:>--------------------------------------------------------------<
UN001.exe: 000021A0: 23:50:34 [TUniServerModule]:Server First Init.
UN001.exe: 000021A0: 23:50:34 [TUniServerModule]:Start Path = C:\Users\ricar\Documents\Embarcadero\Studio\Projects\UN001\Win32\Debug\
UN001.exe: 000021A0: 23:50:34 [TUniServerModule]:Debug Mode = ON
UN001.exe: 000021A0: 23:50:34 [TUniServerModule]:Starting HTTP Server on Port: 8077...
UN001.exe: 000021A0: 23:50:34 [TUniServerModule]:HTTP Server Started on Port: 8077
UN001.exe: 00002388: 23:50:39 [127.0.0.1]:EUniSessionException : Invalid session or session Timeout. (Invalid URI: /cmd/r1/r2/r3/r4/5 ) : Addr: $007A835E
UN001.exe: 000021A0: 23:50:59 [TUniServerModule]:Shutting Down Server.
UN001.exe: 000021A0: 23:50:59 [TUniServerModule]:Stopping HTTP Server.
UN001.exe: 000021A0: 23:51:00 [TUniServerModule]:HTTP Server Stopped.
UN001.exe: 000021A0: 23:51:00 [TUniGUISessionManager]:Terminating Session manager.
UN001.exe: 000021A0: 23:51:00 [TUniGUISessionManager]:Stopping Cache Eraser...
UN001.exe: 000021A0: 23:51:00 [TUniGUISessionManager]:Cache Eraser Stopped.
UN001.exe: 000021A0: 23:51:00 [TUniGUISessionManager]:Destroying Worker Threads.
UN001.exe: 000021A0: 23:51:00 [TUniGUISessionManager]:Session manager terminated.
UN001.exe: 000021A0: 23:51:00 [TUniServerModule]:Server Shutdown Completed.
UN001.exe: 000021A0: 23:51:00 []:<-------------------------------------------------------------->
UN001.exe: 000021A0: 23:51:00 [Terminated]:Exit Code: 0
UN001.exe: 00003F68: 23:52:48 []:>--------------------------------------------------------------<
UN001.exe: 00003F68: 23:52:48 [TUniServerModule]:Server First Init.
UN001.exe: 00003F68: 23:52:48 [TUniServerModule]:Start Path = C:\Users\ricar\Documents\Embarcadero\Studio\Projects\UN001\Win32\Debug\
UN001.exe: 00003F68: 23:52:48 [TUniServerModule]:Starting HTTP Server on Port: 8077...
UN001.exe: 00003F68: 23:52:48 [TUniServerModule]:HTTP Server Started on Port: 8077
UN001.exe: 00000BCC: 23:52:52 [127.0.0.1]:EUniSessionException : Invalid session or session Timeout. (Invalid URI: /cmd/r1/r2/r3/r4/5/6 ) : Addr: $007A835E
UN001.exe: 00000BCC: 23:53:19 [127.0.0.1]:EUniSessionException : Invalid session or session Timeout. (Invalid URI: /cmd/r1/r2/r3/r4/5/6 ) : Addr: $007A835E
UN001.exe: 00003F68: 23:54:41 [TUniServerModule]:Shutting Down Server.
UN001.exe: 00003F68: 23:54:41 [TUniServerModule]:Stopping HTTP Server.
UN001.exe: 00003F68: 23:54:42 [TUniServerModule]:HTTP Server Stopped.
UN001.exe: 00003F68: 23:54:42 [TUniGUISessionManager]:Terminating Session manager.
UN001.exe: 00003F68: 23:54:42 [TUniGUISessionManager]:Stopping Cache Eraser...
UN001.exe: 00003F68: 23:54:42 [TUniGUISessionManager]:Cache Eraser Stopped.
UN001.exe: 00003F68: 23:54:42 [TUniGUISessionManager]:Destroying Worker Threads.
UN001.exe: 00003F68: 23:54:42 [TUniGUISessionManager]:Session manager terminated.
UN001.exe: 00003F68: 23:54:42 [TUniServerModule]:Server Shutdown Completed.
UN001.exe: 00003F68: 23:54:42 []:<-------------------------------------------------------------->
UN001.exe: 00003F68: 23:54:42 [Terminated]:Exit Code: 0
UN001.exe: 00002940: 23:54:46 []:>--------------------------------------------------------------<
UN001.exe: 00002940: 23:54:46 [TUniServerModule]:Server First Init.
UN001.exe: 00002940: 23:54:46 [TUniServerModule]:Start Path = C:\Users\ricar\Documents\Embarcadero\Studio\Projects\UN001\Win32\Debug\
UN001.exe: 00002940: 23:54:46 [TUniServerModule]:Debug Mode = ON
UN001.exe: 00002940: 23:54:46 [TUniServerModule]:Starting HTTP Server on Port: 8077...
UN001.exe: 00002940: 23:54:46 [TUniServerModule]:HTTP Server Started on Port: 8077
UN001.exe: 00002528: 23:54:49 [127.0.0.1]:EUniSessionException : Invalid session or session Timeout. (Invalid URI: /cmd/r1/r2/r3/r4/5/6 ) : Addr: $007A835E
UN001.exe: 00001C74: 23:55:07 [127.0.0.1]:EUniSessionException : Invalid session or session Timeout. (Invalid URI: /GET_JORNAL/r1/r2/r3/r4/5/6 ) : Addr: $007A835E
UN001.exe: 00002940: 23:55:54 [TUniServerModule]:Shutting Down Server.
UN001.exe: 00002940: 23:55:54 [TUniServerModule]:Stopping HTTP Server.
UN001.exe: 00002940: 23:55:55 [TUniServerModule]:HTTP Server Stopped.
UN001.exe: 00002940: 23:55:55 [TUniGUISessionManager]:Terminating Session manager.
UN001.exe: 00002940: 23:55:55 [TUniGUISessionManager]:Stopping Cache Eraser...
UN001.exe: 00002940: 23:55:55 [TUniGUISessionManager]:Cache Eraser Stopped.
UN001.exe: 00002940: 23:55:55 [TUniGUISessionManager]:Destroying Worker Threads.
UN001.exe: 00002940: 23:55:55 [TUniGUISessionManager]:Session manager terminated.
UN001.exe: 00002940: 23:55:55 [TUniServerModule]:Server Shutdown Completed.
UN001.exe: 00002940: 23:55:55 []:<-------------------------------------------------------------->
UN001.exe: 00002940: 23:55:55 [Terminated]:Exit Code: 0
UN001.exe: 00003FB0: 23:56:57 []:>--------------------------------------------------------------<
UN001.exe: 00003FB0: 23:56:57 [TUniServerModule]:Server First Init.
UN001.exe: 00003FB0: 23:56:57 [TUniServerModule]:Start Path = C:\Users\ricar\Documents\Embarcadero\Studio\Projects\UN001\Win32\Debug\
UN001.exe: 00003FB0: 23:56:57 [TUniServerModule]:Debug Mode = ON
UN001.exe: 00003FB0: 23:56:57 [TUniServerModule]:Starting HTTP Server on Port: 8077...
UN001.exe: 00003FB0: 23:56:57 [TUniServerModule]:HTTP Server Started on Port: 8077
UN001.exe: 0000220C: 23:57:01 [127.0.0.1]:EUniSessionException : Invalid session or session Timeout. (Invalid URI: /GET_JORNAL/r1/r2/r3/r4/5/6 ) : Addr: $007A835E
UN001.exe: 00003A98: 23:58:29 [127.0.0.1]:EUniSessionException : Invalid session or session Timeout. (Invalid URI: /GET_JORNAL/r1/r2/r3/r4/5/6/7 ) : Addr: $007A835E
UN001.exe: 00003FB0: 23:59:26 [TUniServerModule]:Shutting Down Server.
UN001.exe: 00003FB0: 23:59:26 [TUniServerModule]:Stopping HTTP Server.
UN001.exe: 00003FB0: 23:59:38 [TUniServerModule]:HTTP Server Stopped.
UN001.exe: 00003FB0: 23:59:38 [TUniGUISessionManager]:Terminating Session manager.
UN001.exe: 00003FB0: 23:59:38 [TUniGUISessionManager]:Stopping Cache Eraser...
UN001.exe: 00003FB0: 23:59:38 [TUniGUISessionManager]:Cache Eraser Stopped.
UN001.exe: 00003FB0: 23:59:38 [TUniGUISessionManager]:Destroying Worker Threads.
UN001.exe: 00003FB0: 23:59:38 [TUniGUISessionManager]:Session manager terminated.
UN001.exe: 00003FB0: 23:59:38 [TUniServerModule]:Server Shutdown Completed.
UN001.exe: 00003FB0: 23:59:38 []:<-------------------------------------------------------------->
UN001.exe: 00003FB0: 23:59:38 [Terminated]:Exit Code: 0
